2015-09-30 00:18:21 
---------------------------------------------------
0: Aplicativo conectado com sucesso ao Mongoose
1: Carregando modelo : Login
---------------------------------------------------
2015-09-30 00:18:21 
---------------------------------------------------
0: Aplicativo conectado com sucesso ao Mongoose
1: Carregando modelo : Login
2: Aplicativo conectado com sucesso ao Mongoose
3: Carregando modelo : Login
---------------------------------------------------
2015-09-30 00:19:23 
---------------------------------------------------
0: Aplicativo conectado com sucesso ao Mongoose
1: Carregando modelo : Login
---------------------------------------------------
2015-09-30 00:19:23 
---------------------------------------------------
0: Aplicativo conectado com sucesso ao Mongoose
1: Carregando modelo : Login
2: Aplicativo conectado com sucesso ao Mongoose
3: Carregando modelo : Login
---------------------------------------------------
2015-09-30 00:19:43 
---------------------------------------------------
0: Aplicativo conectado com sucesso ao Mongoose
1: Carregando modelo : Login
---------------------------------------------------
2015-09-30 00:23:49 
---------------------------------------------------
0: Aplicativo conectado com sucesso ao Mongoose
1: Carregando modelo : Login
---------------------------------------------------
2015-09-30 00:27:27 
---------------------------------------------------
0: Aplicativo conectado com sucesso ao Mongoose
1: Carregando modelo : Login
---------------------------------------------------
2015-09-30 00:28:24 
---------------------------------------------------
0: Aplicativo conectado com sucesso ao Mongoose
1: Carregando modelo : Login
---------------------------------------------------
2015-09-30 00:31:36 
---------------------------------------------------
0: Aplicativo conectado com sucesso ao Mongoose
1: Carregando modelo : Login
---------------------------------------------------
2015-09-30 00:32:28 
---------------------------------------------------
0: Aplicativo conectado com sucesso ao Mongoose
1: Carregando modelo : Login
---------------------------------------------------
2015-09-30 00:33:55 
---------------------------------------------------
0: Conectando mongoose
1: Aplicativo conectado com sucesso ao Mongoose
2: Carregando modelo : Login
---------------------------------------------------
2015-09-30 00:36:59 
---------------------------------------------------
0: Conectando mongoose
1: Aplicativo conectado com sucesso ao Mongoose
2: Carregando modelo : Login
---------------------------------------------------
2015-09-30 00:38:45 
---------------------------------------------------
0: Conectando mongoose
1: Aplicativo conectado com sucesso ao Mongoose
2: Carregando modelo : Login
---------------------------------------------------
2015-09-30 00:39:32 
---------------------------------------------------
0: Conectando mongoose
1: Aplicativo conectado com sucesso ao Mongoose
2: Carregando modelo : Login
---------------------------------------------------
2015-09-30 00:46:55 
---------------------------------------------------
0: Conectando mongoose
1: Aplicativo conectado com sucesso ao Mongoose
2: Carregando modelo : Login
---------------------------------------------------
2015-09-30 00:48:57 
---------------------------------------------------
0: Conectando mongoose
1: Aplicativo conectado com sucesso ao Mongoose
2: Carregando modelo : Login
---------------------------------------------------
2015-09-30 00:50:32 
---------------------------------------------------
0: Conectando mongoose
1: Aplicativo conectado com sucesso ao Mongoose
2: Carregando modelo : Login
---------------------------------------------------
2015-09-30 00:52:30 
---------------------------------------------------
0: Conectando mongoose
1: Aplicativo conectado com sucesso ao Mongoose
2: Carregando modelo : Login
---------------------------------------------------
2015-09-30 00:54:21 
---------------------------------------------------
0: Conectando mongoose
1: Aplicativo conectado com sucesso ao Mongoose
2: Carregando modelo : Login
---------------------------------------------------
2015-09-30 01:00:23 
---------------------------------------------------
0: Conectando mongoose
1: Aplicativo conectado com sucesso ao Mongoose
2: Carregando modelo : Login
---------------------------------------------------
2015-09-30 01:03:38 
---------------------------------------------------
0: Conectando mongoose
1: Aplicativo conectado com sucesso ao Mongoose
2: Carregando modelo : Login
---------------------------------------------------
2015-09-30 01:09:45 
---------------------------------------------------
0: Conectando mongoose
1: Aplicativo conectado com sucesso ao Mongoose
2: Carregando modelo : Login
---------------------------------------------------
2015-09-30 01:11:10 
---------------------------------------------------
0: Conectando mongoose
1: Aplicativo conectado com sucesso ao Mongoose
2: Carregando modelo : Login
---------------------------------------------------
2015-09-30 01:13:06 
---------------------------------------------------
0: Conectando mongoose
1: Aplicativo conectado com sucesso ao Mongoose
2: Carregando modelo : Login
---------------------------------------------------
2015-09-30 01:13:42 
---------------------------------------------------
0: Conectando mongoose
1: Aplicativo conectado com sucesso ao Mongoose
2: Carregando modelo : Login
---------------------------------------------------
2015-09-30 01:17:40 
---------------------------------------------------
0: Conectando mongoose
1: Aplicativo conectado com sucesso ao Mongoose
2: Carregando modelo : Login
---------------------------------------------------
2015-09-30 01:21:32 
---------------------------------------------------
0: Conectando mongoose
1: Aplicativo conectado com sucesso ao Mongoose
2: Carregando modelo : Login
---------------------------------------------------
2015-09-30 01:22:53 
---------------------------------------------------
0: Conectando mongoose
1: Aplicativo conectado com sucesso ao Mongoose
2: Carregando modelo : Login
---------------------------------------------------
2015-09-30 01:25:08 
---------------------------------------------------
0: Conectando mongoose
1: Aplicativo conectado com sucesso ao Mongoose
2: Carregando modelo : Login
---------------------------------------------------
2015-09-30 01:26:45 
---------------------------------------------------
0: Conectando mongoose
1: Aplicativo conectado com sucesso ao Mongoose
2: Carregando modelo : Login
---------------------------------------------------
2015-09-30 01:27:35 
---------------------------------------------------
0: Conectando mongoose
1: Aplicativo conectado com sucesso ao Mongoose
2: Carregando modelo : Login
---------------------------------------------------
2015-09-30 01:28:52 
---------------------------------------------------
0: Conectando mongoose
1: Aplicativo conectado com sucesso ao Mongoose
2: Carregando modelo : Login
---------------------------------------------------
2015-09-30 01:30:03 
---------------------------------------------------
0: Conectando mongoose
1: Aplicativo conectado com sucesso ao Mongoose
2: Carregando modelo : Login
---------------------------------------------------
2015-09-30 01:32:04 
---------------------------------------------------
0: Conectando mongoose
1: Aplicativo conectado com sucesso ao Mongoose
2: Carregando modelo : Login
---------------------------------------------------
2015-09-30 01:35:04 
---------------------------------------------------
0: Conectando mongoose
1: Aplicativo conectado com sucesso ao Mongoose
2: Carregando modelo : Login
---------------------------------------------------
2015-09-30 01:35:37 
---------------------------------------------------
0: Conectando mongoose
1: Aplicativo conectado com sucesso ao Mongoose
2: Carregando modelo : Login
---------------------------------------------------
2015-09-30 01:41:04 
---------------------------------------------------
0: Conectando mongoose
1: Aplicativo conectado com sucesso ao Mongoose
2: Carregando modelo : Login
---------------------------------------------------
2015-09-30 01:41:49 
---------------------------------------------------
0: Conectando mongoose
1: Aplicativo conectado com sucesso ao Mongoose
2: Carregando modelo : Login
---------------------------------------------------
2015-09-30 01:55:55 
---------------------------------------------------
0: Conectando mongoose
1: Aplicativo conectado com sucesso ao Mongoose
2: Carregando modelo : Login
---------------------------------------------------
2015-09-30 01:59:52 
---------------------------------------------------
0: Conectando mongoose
1: Aplicativo conectado com sucesso ao Mongoose
2: Carregando modelo : Login
---------------------------------------------------
2015-09-30 02:01:08 
---------------------------------------------------
0: Conectando mongoose
1: Aplicativo conectado com sucesso ao Mongoose
2: Carregando modelo : Login
---------------------------------------------------
2015-09-30 02:02:22 
---------------------------------------------------
0: Conectando mongoose
1: Aplicativo conectado com sucesso ao Mongoose
2: Carregando modelo : Login
---------------------------------------------------
2015-09-30 02:08:44 
---------------------------------------------------
0: Conectando mongoose
1: Aplicativo conectado com sucesso ao Mongoose
2: Carregando modelo : Login
---------------------------------------------------
2015-09-30 02:09:47 
---------------------------------------------------
0: Conectando mongoose
1: Aplicativo conectado com sucesso ao Mongoose
2: Carregando modelo : Login
---------------------------------------------------
2015-09-30 02:10:33 
---------------------------------------------------
0: Conectando mongoose
1: Aplicativo conectado com sucesso ao Mongoose
2: Carregando modelo : Login
---------------------------------------------------
2015-09-30 02:11:05 
---------------------------------------------------
0: Conectando mongoose
1: Aplicativo conectado com sucesso ao Mongoose
2: Carregando modelo : Login
---------------------------------------------------
2015-09-30 02:12:15 
---------------------------------------------------
0: Conectando mongoose
1: Aplicativo conectado com sucesso ao Mongoose
2: Carregando modelo : Login
---------------------------------------------------
2015-09-30 02:12:34 
---------------------------------------------------
0: Conectando mongoose
1: Aplicativo conectado com sucesso ao Mongoose
2: Carregando modelo : Login
---------------------------------------------------
2015-09-30 02:18:31 
---------------------------------------------------
0: Conectando mongoose
1: Aplicativo conectado com sucesso ao Mongoose
2: Carregando modelo : Login
---------------------------------------------------
2015-09-30 02:19:02 
---------------------------------------------------
0: Conectando mongoose
1: Aplicativo conectado com sucesso ao Mongoose
2: Carregando modelo : Login
---------------------------------------------------
2015-09-30 02:19:27 
---------------------------------------------------
0: Conectando mongoose
1: Aplicativo conectado com sucesso ao Mongoose
2: Carregando modelo : Login
---------------------------------------------------
2015-09-30 14:03:22 
---------------------------------------------------
0: Conectando mongoose
1: Aplicativo conectado com sucesso ao Mongoose
2: Carregando modelo : Login
---------------------------------------------------
2015-09-30 14:03:56 
---------------------------------------------------
0: Conectando mongoose
1: Aplicativo conectado com sucesso ao Mongoose
2: Carregando modelo : Login
---------------------------------------------------
2015-09-30 14:06:32 
---------------------------------------------------
0: Conectando mongoose
1: Aplicativo conectado com sucesso ao Mongoose
2: Carregando modelo : Login
---------------------------------------------------
2015-09-30 15:50:29 
---------------------------------------------------
0: Conectando mongoose
1: Aplicativo conectado com sucesso ao Mongoose
2: Carregando modelo : Login
---------------------------------------------------
2015-09-30 16:47:44 
---------------------------------------------------
0: Conectando mongoose
1: Aplicativo conectado com sucesso ao Mongoose
2: Carregando modelo : Personagem
---------------------------------------------------
2015-09-30 17:22:55 
---------------------------------------------------
0: Conectando mongoose
1: Aplicativo conectado com sucesso ao Mongoose
2: Carregando modelo : Personagem
---------------------------------------------------
2015-09-30 17:23:45 
---------------------------------------------------
0: Conectando mongoose
1: Aplicativo conectado com sucesso ao Mongoose
2: Carregando modelo : Personagem
---------------------------------------------------
2015-09-30 17:29:08 
---------------------------------------------------
0: Conectando mongoose
1: Aplicativo conectado com sucesso ao Mongoose
2: Carregando modelo : Personagem
---------------------------------------------------
2015-09-30 17:42:09 
---------------------------------------------------
0: Conectando mongoose
1: Aplicativo conectado com sucesso ao Mongoose
2: Carregando modelo : Personagem
---------------------------------------------------
2015-09-30 17:43:18 
---------------------------------------------------
0: Conectando mongoose
1: Aplicativo conectado com sucesso ao Mongoose
2: Carregando modelo : Personagem
---------------------------------------------------
2015-09-30 17:44:45 
---------------------------------------------------
0: Conectando mongoose
1: Aplicativo conectado com sucesso ao Mongoose
2: Carregando modelo : Personagem
---------------------------------------------------
2015-09-30 17:45:56 
---------------------------------------------------
0: Conectando mongoose
1: Aplicativo conectado com sucesso ao Mongoose
2: Carregando modelo : Personagem
---------------------------------------------------
2015-09-30 17:46:29 
---------------------------------------------------
0: Conectando mongoose
1: Aplicativo conectado com sucesso ao Mongoose
2: Carregando modelo : Personagem
---------------------------------------------------
2015-09-30 17:52:55 
---------------------------------------------------
0: Conectando mongoose
1: Aplicativo conectado com sucesso ao Mongoose
2: Carregando modelo : Personagem
---------------------------------------------------
2015-09-30 17:59:18 
---------------------------------------------------
0: Conectando mongoose
1: Aplicativo conectado com sucesso ao Mongoose
2: Carregando modelo : Personagem
---------------------------------------------------
2015-09-30 18:14:45 
---------------------------------------------------
0: Conectando mongoose
1: Aplicativo conectado com sucesso ao Mongoose
2: Carregando modelo : Personagem
---------------------------------------------------
2015-09-30 18:15:25 
---------------------------------------------------
0: Conectando mongoose
1: Aplicativo conectado com sucesso ao Mongoose
2: Carregando modelo : Personagem
---------------------------------------------------
2015-09-30 18:16:06 
---------------------------------------------------
0: Conectando mongoose
1: Aplicativo conectado com sucesso ao Mongoose
2: Carregando modelo : Personagem
---------------------------------------------------
2015-09-30 18:21:49 
---------------------------------------------------
0: Conectando mongoose
1: Aplicativo conectado com sucesso ao Mongoose
2: Carregando modelo : Personagem
---------------------------------------------------
2015-10-01 09:39:10 
---------------------------------------------------
0: Conectando mongoose
1: Aplicativo conectado com sucesso ao Mongoose
2: Carregando modelo : Personagem
---------------------------------------------------
2015-10-01 09:40:06 
---------------------------------------------------
0: Conectando mongoose
1: Aplicativo conectado com sucesso ao Mongoose
2: Carregando modelo : Personagem
---------------------------------------------------
2015-10-01 09:42:46 
---------------------------------------------------
0: Conectando mongoose
1: Aplicativo conectado com sucesso ao Mongoose
2: Carregando modelo : Personagem
---------------------------------------------------
2015-10-01 09:45:38 
---------------------------------------------------
0: Conectando mongoose
1: Aplicativo conectado com sucesso ao Mongoose
2: Carregando modelo : Personagem
---------------------------------------------------
2015-10-01 09:48:19 
---------------------------------------------------
0: Conectando mongoose
1: Aplicativo conectado com sucesso ao Mongoose
2: Carregando modelo : Personagem
---------------------------------------------------
2015-10-01 09:49:36 
---------------------------------------------------
0: Conectando mongoose
1: Aplicativo conectado com sucesso ao Mongoose
2: Carregando modelo : Personagem
---------------------------------------------------
2015-10-01 09:50:42 
---------------------------------------------------
0: Conectando mongoose
1: Aplicativo conectado com sucesso ao Mongoose
2: Carregando modelo : Personagem
---------------------------------------------------
2015-10-01 09:59:29 
---------------------------------------------------
0: Conectando mongoose
1: Aplicativo conectado com sucesso ao Mongoose
2: Carregando modelo : Personagem
---------------------------------------------------
2015-10-01 10:16:54 
---------------------------------------------------
0: Conectando mongoose
1: Aplicativo conectado com sucesso ao Mongoose
2: Carregando modelo : Personagem
---------------------------------------------------
2015-10-01 10:18:41 
---------------------------------------------------
0: Conectando mongoose
1: Aplicativo conectado com sucesso ao Mongoose
2: Carregando modelo : Personagem
---------------------------------------------------
2015-10-01 10:19:42 
---------------------------------------------------
0: Conectando mongoose
1: Aplicativo conectado com sucesso ao Mongoose
2: Carregando modelo : Personagem
---------------------------------------------------
2015-10-01 10:20:29 
---------------------------------------------------
0: Conectando mongoose
1: Aplicativo conectado com sucesso ao Mongoose
2: Carregando modelo : Personagem
---------------------------------------------------
2015-10-01 10:23:50 
---------------------------------------------------
0: Conectando mongoose
1: Aplicativo conectado com sucesso ao Mongoose
2: Carregando modelo : Personagem
---------------------------------------------------
2015-10-01 10:29:16 
---------------------------------------------------
0: Conectando mongoose
1: Aplicativo conectado com sucesso ao Mongoose
2: Carregando modelo : Personagem
---------------------------------------------------
2015-10-01 10:30:48 
---------------------------------------------------
0: Conectando mongoose
1: Aplicativo conectado com sucesso ao Mongoose
2: Carregando modelo : Personagem
---------------------------------------------------
2015-10-01 10:32:40 
---------------------------------------------------
0: Conectando mongoose
1: Aplicativo conectado com sucesso ao Mongoose
2: Carregando modelo : Personagem
---------------------------------------------------
2015-10-01 10:33:16 
---------------------------------------------------
0: Conectando mongoose
1: Aplicativo conectado com sucesso ao Mongoose
2: Carregando modelo : Personagem
---------------------------------------------------
2015-10-01 10:33:42 
---------------------------------------------------
0: Conectando mongoose
1: Aplicativo conectado com sucesso ao Mongoose
2: Carregando modelo : Personagem
---------------------------------------------------
2015-10-01 10:34:43 
---------------------------------------------------
0: Conectando mongoose
1: Aplicativo conectado com sucesso ao Mongoose
2: Carregando modelo : Personagem
---------------------------------------------------
2015-10-01 10:36:33 
---------------------------------------------------
0: Conectando mongoose
1: Aplicativo conectado com sucesso ao Mongoose
2: Carregando modelo : Personagem
---------------------------------------------------
2015-10-01 10:41:52 
---------------------------------------------------
0: Conectando mongoose
1: Aplicativo conectado com sucesso ao Mongoose
2: Carregando modelo : Personagem
---------------------------------------------------
2015-10-01 10:56:04 
---------------------------------------------------
0: Conectando mongoose
1: Aplicativo conectado com sucesso ao Mongoose
2: Carregando modelo : Personagem
---------------------------------------------------
2015-10-01 10:57:57 
---------------------------------------------------
0: Conectando mongoose
1: Aplicativo conectado com sucesso ao Mongoose
2: Carregando modelo : Personagem
---------------------------------------------------
2015-10-01 10:59:37 
---------------------------------------------------
0: Conectando mongoose
1: Aplicativo conectado com sucesso ao Mongoose
2: Carregando modelo : Personagem
---------------------------------------------------
2015-10-01 11:00:15 
---------------------------------------------------
0: Conectando mongoose
1: Aplicativo conectado com sucesso ao Mongoose
2: Carregando modelo : Personagem
---------------------------------------------------
2015-10-01 11:16:22 
---------------------------------------------------
0: Conectando mongoose
1: Aplicativo conectado com sucesso ao Mongoose
2: Carregando modelo : Personagem
---------------------------------------------------
2015-10-01 11:24:12 
---------------------------------------------------
0: Conectando ao mongoose
1: Aplicativo conectado com sucesso ao Mongoose
2: Carregando modelo : Personagem
---------------------------------------------------
2015-10-01 11:27:35 
---------------------------------------------------
0: Conectando ao mongoose
1: Aplicativo conectado com sucesso ao Mongoose
2: Carregando modelo : Personagem
---------------------------------------------------
2015-10-01 11:36:35 
---------------------------------------------------
0: Conectando ao mongoose
1: Aplicativo conectado com sucesso ao Mongoose
2: Carregando modelo : Personagem
---------------------------------------------------
2015-10-01 11:47:47 
---------------------------------------------------
0: Conectando ao mongoose
1: Aplicativo conectado com sucesso ao Mongoose
2: Carregando modelo : Personagem
---------------------------------------------------
2015-10-01 11:58:18 
---------------------------------------------------
0: Iniciando Worker para migração de arquivos JSON
1: Monitorando diretório : /Users/brunaleiras/Dev/NodeJsProjects/arquivos/
---------------------------------------------------
2015-10-01 12:06:12 
---------------------------------------------------
0: Iniciando Worker para migração de arquivos JSON
1: Escutando eventos no diretório : /Users/brunaleiras/Dev/NodeJsProjects/arquivos/
---------------------------------------------------
2015-10-01 12:06:26 
---------------------------------------------------
0: Iniciando leitura do arquivo : personagem4.json
1: Leitura do arquivo : personagem4.json finalizada.
2: {
  "nome":"Stan Marsh",
  "sexo":"Masculino",
  "idade":10,
  "cabelo":"Preto",
  "olhos":"Preto",
  "pessoasRelacionadas":{
    "mae":"Randy Marsh",
    "pai":"Sharon Marsh",
    "amigos":["Kenny McCormick","Kyle Broflovski","Stan Marsh","Wendy Testaburger"],
    "inimigos":["Shelly Marsh" , "Token Black"]
  },
  "origem":"South Park, Colorado",
  "atividade":"Estudante",
  "voz":"Trey Parker",
  "caracteristicas":["inteligente", "líder", "equilibrado"]
}
3: Leitura do arquivo : personagem4.json finalizada.
4: {
  "nome":"Stan Marsh",
  "sexo":"Masculino",
  "idade":10,
  "cabelo":"Preto",
  "olhos":"Preto",
  "pessoasRelacionadas":{
    "mae":"Randy Marsh",
    "pai":"Sharon Marsh",
    "amigos":["Kenny McCormick","Kyle Broflovski","Stan Marsh","Wendy Testaburger"],
    "inimigos":["Shelly Marsh" , "Token Black"]
  },
  "origem":"South Park, Colorado",
  "atividade":"Estudante",
  "voz":"Trey Parker",
  "caracteristicas":["inteligente", "líder", "equilibrado"]
}
5: Transformando JSON : personagem4.json em XML e enviado para o ENDPOINT
6: <Personagem>
	<nome>Stan Marsh</nome>
	<sexo>Masculino</sexo>
	<idade>10</idade>
	<cabelo>Preto</cabelo>
	<olhos>Preto</olhos>
	<pessoasRelacionadas>
		<mae>Randy Marsh</mae>
		<pai>Sharon Marsh</pai>
		<amigos>Kenny McCormick</amigos>
		<amigos>Kyle Broflovski</amigos>
		<amigos>Stan Marsh</amigos>
		<amigos>Wendy Testaburger</amigos>
		<inimigos>Shelly Marsh</inimigos>
		<inimigos>Token Black</inimigos>
	</pessoasRelacionadas>
	<origem>South Park, Colorado</origem>
	<atividade>Estudante</atividade>
	<voz>Trey Parker</voz>
	<caracteristicas>inteligente</caracteristicas>
	<caracteristicas>líder</caracteristicas>
	<caracteristicas>equilibrado</caracteristicas>
</Personagem>
7: XML enviado para o ENDPOINT com sucesso
8: Registrando resposta:
9: [object Object]
---------------------------------------------------
2015-10-01 12:07:30 
---------------------------------------------------
0: Iniciando Worker para migração de arquivos JSON
1: Escutando eventos no diretório : /Users/brunaleiras/Dev/NodeJsProjects/arquivos/
---------------------------------------------------
2015-10-01 12:13:25 
---------------------------------------------------
0: Conectando ao mongoose
1: Aplicativo conectado com sucesso ao Mongoose
2: Carregando modelo : Personagem
---------------------------------------------------
2015-10-01 12:14:15 
---------------------------------------------------
0: Conectando ao mongoose
1: Aplicativo conectado com sucesso ao Mongoose
2: Carregando modelo : Personagem
---------------------------------------------------
2015-10-01 12:14:39 
---------------------------------------------------
0: Conectando ao mongoose
1: Aplicativo conectado com sucesso ao Mongoose
2: Carregando modelo : Personagem
---------------------------------------------------
2015-10-01 12:15:18 
---------------------------------------------------
0: Conectando ao mongoose
1: Aplicativo conectado com sucesso ao Mongoose
2: Carregando modelo : Personagem
---------------------------------------------------
2015-10-01 12:15:22 
---------------------------------------------------
0: Iniciando busca fuzzy pelo termo : racista
---------------------------------------------------
2015-10-01 12:24:43 
---------------------------------------------------
0: Conectando ao mongoose
1: Aplicativo conectado com sucesso ao Mongoose
2: Carregando modelo : Personagem
---------------------------------------------------
2015-10-01 12:24:47 
---------------------------------------------------
0: Iniciando Worker para migração de arquivos JSON
1: Escutando eventos no diretório : /Users/brunaleiras/Dev/NodeJsProjects/arquivos/
---------------------------------------------------
2015-10-01 12:24:59 
---------------------------------------------------
0: Iniciando leitura do arquivo : personagem2.json
1: Leitura do arquivo : personagem2.json finalizada.
2: {
  "nome":"Kenny McCormick",
  "sexo":"Masculino",
  "idade":10,
  "cabelo":"Loiro",
  "olhos":"Azuis",
  "pessoasRelacionadas":{
    "mae":"Carol McCormick",
    "pai":"Stuart McCormick",
    "amigos":["Eric Theodore Cartman","Kyle Broflovski","Stan Marsh"],
    "inimigos":[]
  },
  "origem":"South Park, Colorado",
  "atividade":"Estudante",
  "voz":"Matt Stone",
  "caracteristicas":["imortal", "fala incompreensível", "pobre"]
}
3: Leitura do arquivo : personagem2.json finalizada.
4: {
  "nome":"Kenny McCormick",
  "sexo":"Masculino",
  "idade":10,
  "cabelo":"Loiro",
  "olhos":"Azuis",
  "pessoasRelacionadas":{
    "mae":"Carol McCormick",
    "pai":"Stuart McCormick",
    "amigos":["Eric Theodore Cartman","Kyle Broflovski","Stan Marsh"],
    "inimigos":[]
  },
  "origem":"South Park, Colorado",
  "atividade":"Estudante",
  "voz":"Matt Stone",
  "caracteristicas":["imortal", "fala incompreensível", "pobre"]
}
5: Transformando JSON : personagem2.json em XML e enviado para o ENDPOINT
6: <Personagem>
	<nome>Kenny McCormick</nome>
	<sexo>Masculino</sexo>
	<idade>10</idade>
	<cabelo>Loiro</cabelo>
	<olhos>Azuis</olhos>
	<pessoasRelacionadas>
		<mae>Carol McCormick</mae>
		<pai>Stuart McCormick</pai>
		<amigos>Eric Theodore Cartman</amigos>
		<amigos>Kyle Broflovski</amigos>
		<amigos>Stan Marsh</amigos>
	</pessoasRelacionadas>
	<origem>South Park, Colorado</origem>
	<atividade>Estudante</atividade>
	<voz>Matt Stone</voz>
	<caracteristicas>imortal</caracteristicas>
	<caracteristicas>fala incompreensível</caracteristicas>
	<caracteristicas>pobre</caracteristicas>
</Personagem>
7: XML enviado para o ENDPOINT (http://localhost:2000/home/endpoint) com sucesso
8: Registrando resposta:
9: ReferenceError: msgs is not defined<br> &nbsp; &nbsp;at exports.endpoint (/Users/brunaleiras/Dev/NodeJsProjects/rb/service/home/index.js:100:2)<br> &nbsp; &nbsp;at service (/Users/brunaleiras/Dev/NodeJsProjects/rb/web.js:95:2)<br> &nbsp; &nbsp;at post (/Users/brunaleiras/Dev/NodeJsProjects/rb/web.js:128:3)<br> &nbsp; &nbsp;at /Users/brunaleiras/Dev/NodeJsProjects/rb/web.js:249:65<br> &nbsp; &nbsp;at Layer.handle [as handle_request] (/Users/brunaleiras/Dev/NodeJsProjects/rb/node_modules/express/lib/router/layer.js:95:5)<br> &nbsp; &nbsp;at next (/Users/brunaleiras/Dev/NodeJsProjects/rb/node_modules/express/lib/router/route.js:131:13)<br> &nbsp; &nbsp;at Route.dispatch (/Users/brunaleiras/Dev/NodeJsProjects/rb/node_modules/express/lib/router/route.js:112:3)<br> &nbsp; &nbsp;at Layer.handle [as handle_request] (/Users/brunaleiras/Dev/NodeJsProjects/rb/node_modules/express/lib/router/layer.js:95:5)<br> &nbsp; &nbsp;at /Users/brunaleiras/Dev/NodeJsProjects/rb/node_modules/express/lib/router/index.js:277:22<br> &nbsp; &nbsp;at param (/Users/brunaleiras/Dev/NodeJsProjects/rb/node_modules/express/lib/router/index.js:349:14)<br> &nbsp; &nbsp;at param (/Users/brunaleiras/Dev/NodeJsProjects/rb/node_modules/express/lib/router/index.js:365:14)<br> &nbsp; &nbsp;at param (/Users/brunaleiras/Dev/NodeJsProjects/rb/node_modules/express/lib/router/index.js:365:14)<br> &nbsp; &nbsp;at Function.process_params (/Users/brunaleiras/Dev/NodeJsProjects/rb/node_modules/express/lib/router/index.js:410:3)<br> &nbsp; &nbsp;at next (/Users/brunaleiras/Dev/NodeJsProjects/rb/node_modules/express/lib/router/index.js:271:10)<br> &nbsp; &nbsp;at /Users/brunaleiras/Dev/NodeJsProjects/rb/web.js:54:5<br> &nbsp; &nbsp;at Layer.handle [as handle_request] (/Users/brunaleiras/Dev/NodeJsProjects/rb/node_modules/express/lib/router/layer.js:95:5)

---------------------------------------------------
2015-10-01 12:25:57 
---------------------------------------------------
0: Conectando ao mongoose
1: Aplicativo conectado com sucesso ao Mongoose
2: Carregando modelo : Personagem
---------------------------------------------------
2015-10-01 12:26:00 
---------------------------------------------------
0: Iniciando Worker para migração de arquivos JSON
1: Escutando eventos no diretório : /Users/brunaleiras/Dev/NodeJsProjects/arquivos/
---------------------------------------------------
2015-10-01 12:26:08 
---------------------------------------------------
0: Iniciando leitura do arquivo : personagem2.json
1: Leitura do arquivo : personagem2.json finalizada.
2: {
  "nome":"Kenny McCormick",
  "sexo":"Masculino",
  "idade":10,
  "cabelo":"Loiro",
  "olhos":"Azuis",
  "pessoasRelacionadas":{
    "mae":"Carol McCormick",
    "pai":"Stuart McCormick",
    "amigos":["Eric Theodore Cartman","Kyle Broflovski","Stan Marsh"],
    "inimigos":[]
  },
  "origem":"South Park, Colorado",
  "atividade":"Estudante",
  "voz":"Matt Stone",
  "caracteristicas":["imortal", "fala incompreensível", "pobre"]
}
3: Leitura do arquivo : personagem2.json finalizada.
4: {
  "nome":"Kenny McCormick",
  "sexo":"Masculino",
  "idade":10,
  "cabelo":"Loiro",
  "olhos":"Azuis",
  "pessoasRelacionadas":{
    "mae":"Carol McCormick",
    "pai":"Stuart McCormick",
    "amigos":["Eric Theodore Cartman","Kyle Broflovski","Stan Marsh"],
    "inimigos":[]
  },
  "origem":"South Park, Colorado",
  "atividade":"Estudante",
  "voz":"Matt Stone",
  "caracteristicas":["imortal", "fala incompreensível", "pobre"]
}
5: Transformando JSON : personagem2.json em XML e enviado para o ENDPOINT
6: <Personagem>
	<nome>Kenny McCormick</nome>
	<sexo>Masculino</sexo>
	<idade>10</idade>
	<cabelo>Loiro</cabelo>
	<olhos>Azuis</olhos>
	<pessoasRelacionadas>
		<mae>Carol McCormick</mae>
		<pai>Stuart McCormick</pai>
		<amigos>Eric Theodore Cartman</amigos>
		<amigos>Kyle Broflovski</amigos>
		<amigos>Stan Marsh</amigos>
	</pessoasRelacionadas>
	<origem>South Park, Colorado</origem>
	<atividade>Estudante</atividade>
	<voz>Matt Stone</voz>
	<caracteristicas>imortal</caracteristicas>
	<caracteristicas>fala incompreensível</caracteristicas>
	<caracteristicas>pobre</caracteristicas>
</Personagem>
7: XML enviado para o ENDPOINT (http://localhost:2000/home/endpoint) com sucesso
8: Registrando resposta:
9: [object Object]
---------------------------------------------------
2015-10-01 12:26:08 
---------------------------------------------------
0: Processando XML do Worker
1: <Personagem>
	<nome>Kenny McCormick</nome>
	<sexo>Masculino</sexo>
	<idade>10</idade>
	<cabelo>Loiro</cabelo>
	<olhos>Azuis</olhos>
	<pessoasRelacionadas>
		<mae>Carol McCormick</mae>
		<pai>Stuart McCormick</pai>
		<amigos>Eric Theodore Cartman</amigos>
		<amigos>Kyle Broflovski</amigos>
		<amigos>Stan Marsh</amigos>
	</pessoasRelacionadas>
	<origem>South Park, Colorado</origem>
	<atividade>Estudante</atividade>
	<voz>Matt Stone</voz>
	<caracteristicas>imortal</caracteristicas>
	<caracteristicas>fala incompreensível</caracteristicas>
	<caracteristicas>pobre</caracteristicas>
</Personagem>
2: Transformando XML do Worker em Schema JSON para gravar no MongoDB
3: Schema JSON - Personagem - Gravado com sucesso.
4: { __v: 0,
  nome: 'Kenny McCormick',
  sexo: 'Masculino',
  idade: 10,
  cabelo: 'Loiro',
  olhos: 'Azuis',
  pessoasRelacionadas: 
   { amigos: [ 'Eric Theodore Cartman', 'Kyle Broflovski', 'Stan Marsh' ],
     pai: 'Stuart McCormick',
     mae: 'Carol McCormick' },
  origem: 'South Park, Colorado',
  atividade: 'Estudante',
  voz: 'Matt Stone',
  caracteristicas: [ 'imortal', 'fala incompreensível', 'pobre' ],
  _id: 560d50907dff086a843baed4 }
---------------------------------------------------
2015-10-01 12:26:34 
---------------------------------------------------
0: Iniciando busca fuzzy pelo termo : imortal
1: Encontrados 1 iten(s) pelo termo : imortal
2: Retonando JSON com o resultado
---------------------------------------------------
2015-10-01 12:26:35 
---------------------------------------------------
0: Iniciando busca fuzzy pelo termo : imortal
1: Encontrados 1 iten(s) pelo termo : imortal
2: Retonando JSON com o resultado
---------------------------------------------------
2015-10-01 12:28:44 
---------------------------------------------------
0: Iniciando Worker para migração de arquivos JSON
1: Escutando eventos no diretório : /Users/brunaleiras/Dev/NodeJsProjects/arquivos/
---------------------------------------------------
2015-10-01 12:28:47 
---------------------------------------------------
0: Conectando ao mongoose
1: Aplicativo conectado com sucesso ao Mongoose
2: Carregando modelo : Personagem
---------------------------------------------------
2015-10-01 12:28:55 
---------------------------------------------------
0: Iniciando busca fuzzy pelo termo : imortal
1: Encontrados 1 iten(s) pelo termo : imortal
2: Retonando JSON com o resultado
---------------------------------------------------
2015-10-01 12:28:57 
---------------------------------------------------
0: Iniciando busca fuzzy pelo termo : imortal
1: Encontrados 0 iten(s) pelo termo : imortal
2: Retonando JSON com o resultado
---------------------------------------------------
2015-10-01 12:28:57 
---------------------------------------------------
0: Iniciando busca fuzzy pelo termo : imortal
1: Encontrados 0 iten(s) pelo termo : imortal
2: Retonando JSON com o resultado
---------------------------------------------------
2015-10-01 12:35:09 
---------------------------------------------------
0: Conectando ao mongoose
1: Aplicativo conectado com sucesso ao Mongoose
2: Carregando modelo : Personagem
---------------------------------------------------
2015-10-01 12:35:13 
---------------------------------------------------
0: Iniciando Worker para migração de arquivos JSON
1: Escutando eventos no diretório : /Users/brunaleiras/Dev/NodeJsProjects/arquivos/
---------------------------------------------------
2015-10-01 12:35:18 
---------------------------------------------------
0: Carregando pagina inicial
1: Encontrados 0 para fazer busca
---------------------------------------------------
2015-10-01 12:35:33 
---------------------------------------------------
0: Iniciando leitura do arquivo : personagem1.json
1: Leitura do arquivo : personagem1.json finalizada.
2: {
  "nome":"Eric Theodore Cartman",
  "sexo":"Masculino",
  "idade":10,
  "cabelo":"Castanho",
  "olhos":"Pretos",
  "pessoasRelacionadas":{
    "mae":"Liane Cartman",
    "pai":null,
    "amigos":["Kenny McCormick","Kyle Broflovski","Stan Marsh"],
    "inimigos":["Kyle Broflovski"]
  },
  "origem":"South Park, Colorado",
  "atividade":"Estudante",
  "voz":"Trey Parker",
  "caracteristicas":["egoísta", "racista", "nazista", "fingido", "manipulador", "psicopata", "sociopata"]
}
3: Leitura do arquivo : personagem1.json finalizada.
4: {
  "nome":"Eric Theodore Cartman",
  "sexo":"Masculino",
  "idade":10,
  "cabelo":"Castanho",
  "olhos":"Pretos",
  "pessoasRelacionadas":{
    "mae":"Liane Cartman",
    "pai":null,
    "amigos":["Kenny McCormick","Kyle Broflovski","Stan Marsh"],
    "inimigos":["Kyle Broflovski"]
  },
  "origem":"South Park, Colorado",
  "atividade":"Estudante",
  "voz":"Trey Parker",
  "caracteristicas":["egoísta", "racista", "nazista", "fingido", "manipulador", "psicopata", "sociopata"]
}
5: Transformando JSON : personagem1.json em XML e enviado para o ENDPOINT
6: <Personagem>
	<nome>Eric Theodore Cartman</nome>
	<sexo>Masculino</sexo>
	<idade>10</idade>
	<cabelo>Castanho</cabelo>
	<olhos>Pretos</olhos>
	<pessoasRelacionadas>
		<mae>Liane Cartman</mae>
		<pai><!-- 此屬性值為「Null」。 --></pai>
		<amigos>Kenny McCormick</amigos>
		<amigos>Kyle Broflovski</amigos>
		<amigos>Stan Marsh</amigos>
		<inimigos>Kyle Broflovski</inimigos>
	</pessoasRelacionadas>
	<origem>South Park, Colorado</origem>
	<atividade>Estudante</atividade>
	<voz>Trey Parker</voz>
	<caracteristicas>egoísta</caracteristicas>
	<caracteristicas>racista</caracteristicas>
	<caracteristicas>nazista</caracteristicas>
	<caracteristicas>fingido</caracteristicas>
	<caracteristicas>manipulador</caracteristicas>
	<caracteristicas>psicopata</caracteristicas>
	<caracteristicas>sociopata</caracteristicas>
</Personagem>
7: XML enviado para o ENDPOINT (http://localhost:2000/home/endpoint) com sucesso
8: Registrando resposta:
9: [object Object]
---------------------------------------------------
2015-10-01 12:35:33 
---------------------------------------------------
0: Processando XML do Worker
1: <Personagem>
	<nome>Eric Theodore Cartman</nome>
	<sexo>Masculino</sexo>
	<idade>10</idade>
	<cabelo>Castanho</cabelo>
	<olhos>Pretos</olhos>
	<pessoasRelacionadas>
		<mae>Liane Cartman</mae>
		<pai><!-- 此屬性值為「Null」。 --></pai>
		<amigos>Kenny McCormick</amigos>
		<amigos>Kyle Broflovski</amigos>
		<amigos>Stan Marsh</amigos>
		<inimigos>Kyle Broflovski</inimigos>
	</pessoasRelacionadas>
	<origem>South Park, Colorado</origem>
	<atividade>Estudante</atividade>
	<voz>Trey Parker</voz>
	<caracteristicas>egoísta</caracteristicas>
	<caracteristicas>racista</caracteristicas>
	<caracteristicas>nazista</caracteristicas>
	<caracteristicas>fingido</caracteristicas>
	<caracteristicas>manipulador</caracteristicas>
	<caracteristicas>psicopata</caracteristicas>
	<caracteristicas>sociopata</caracteristicas>
</Personagem>
2: Transformando XML do Worker em Schema JSON para gravar no MongoDB
3: Schema JSON - Personagem - Gravado com sucesso.
4: { __v: 0,
  nome: 'Eric Theodore Cartman',
  sexo: 'Masculino',
  idade: 10,
  cabelo: 'Castanho',
  olhos: 'Pretos',
  pessoasRelacionadas: 
   { inimigos: 'Kyle Broflovski',
     amigos: [ 'Kenny McCormick', 'Kyle Broflovski', 'Stan Marsh' ],
     pai: '',
     mae: 'Liane Cartman' },
  origem: 'South Park, Colorado',
  atividade: 'Estudante',
  voz: 'Trey Parker',
  caracteristicas: 
   [ 'egoísta',
     'racista',
     'nazista',
     'fingido',
     'manipulador',
     'psicopata',
     'sociopata' ],
  _id: 560d52c5f003cac784784cb4 }
---------------------------------------------------
2015-10-01 12:35:53 
---------------------------------------------------
0: Carregando pagina inicial
1: Encontrados 1 para fazer busca
---------------------------------------------------
2015-10-01 12:36:05 
---------------------------------------------------
0: Iniciando busca fuzzy pelo termo : imortal
1: Encontrados 0 iten(s) pelo termo : imortal
2: Retonando JSON com o resultado
---------------------------------------------------
2015-10-01 12:36:08 
---------------------------------------------------
0: Iniciando busca fuzzy pelo termo : i
1: Encontrados 1 iten(s) pelo termo : i
2: Retonando JSON com o resultado
---------------------------------------------------
2015-10-01 12:36:14 
---------------------------------------------------
0: Iniciando busca fuzzy pelo termo : racista
1: Encontrados 1 iten(s) pelo termo : racista
2: Retonando JSON com o resultado
---------------------------------------------------
2015-10-01 12:36:15 
---------------------------------------------------
0: Iniciando busca fuzzy pelo termo : racista
1: Encontrados 1 iten(s) pelo termo : racista
2: Retonando JSON com o resultado
---------------------------------------------------
2015-10-01 12:39:24 
---------------------------------------------------
0: Conectando ao mongoose
1: Aplicativo conectado com sucesso ao Mongoose
2: Carregando modelo : Personagem
---------------------------------------------------
2015-10-01 12:39:28 
---------------------------------------------------
0: Iniciando Worker para migração de arquivos JSON
1: Escutando eventos no diretório : /Users/brunaleiras/Dev/NodeJsProjects/arquivos/
---------------------------------------------------
2015-10-01 12:39:34 
---------------------------------------------------
0: Carregando pagina inicial
1: Encontrados 1 para fazer busca
---------------------------------------------------
2015-10-01 12:39:39 
---------------------------------------------------
0: Iniciando busca fuzzy pelo termo : racista
1: Encontrados 1 iten(s) pelo termo : racista
2: Retonando JSON com o resultado
---------------------------------------------------
2015-10-01 12:40:23 
---------------------------------------------------
0: Carregando pagina inicial
1: Encontrados 1 para fazer busca
---------------------------------------------------
2015-10-01 12:40:46 
---------------------------------------------------
0: Carregando pagina inicial
1: Encontrados 1 para fazer busca
---------------------------------------------------
2015-10-01 12:41:28 
---------------------------------------------------
0: Carregando pagina inicial
1: Encontrados 1 para fazer busca
---------------------------------------------------
2015-10-01 12:43:00 
---------------------------------------------------
0: Carregando pagina inicial
1: Encontrados 1 para fazer busca
---------------------------------------------------
2015-10-01 12:43:03 
---------------------------------------------------
0: Iniciando busca fuzzy pelo termo : racista
1: Encontrados 1 iten(s) pelo termo : racista
2: Retonando JSON com o resultado
---------------------------------------------------
